Determining if the pthread_create exist failed with the following output:
Change Dir: /home/mkant/catkin_ws/build/CMakeFiles/CMakeTmp

Run Build Command:"/usr/bin/make" "cmTC_7a6d6/fast"
/usr/bin/make -f CMakeFiles/cmTC_7a6d6.dir/build.make CMakeFiles/cmTC_7a6d6.dir/build
make[1]: Entering directory '/home/mkant/catkin_ws/build/CMakeFiles/CMakeTmp'
Building C object CMakeFiles/cmTC_7a6d6.dir/CheckSymbolExists.c.o
/usr/bin/cc     -o CMakeFiles/cmTC_7a6d6.dir/CheckSymbolExists.c.o   -c /home/mkant/catkin_ws/build/CMakeFiles/CMakeTmp/CheckSymbolExists.c
Linking C executable cmTC_7a6d6
/usr/bin/cmake -E cmake_link_script CMakeFiles/cmTC_7a6d6.dir/link.txt --verbose=1
/usr/bin/cc       CMakeFiles/cmTC_7a6d6.dir/CheckSymbolExists.c.o  -o cmTC_7a6d6 -rdynamic 
CMakeFiles/cmTC_7a6d6.dir/CheckSymbolExists.c.o: In function `main':
CheckSymbolExists.c:(.text+0x16): undefined reference to `pthread_create'
collect2: error: ld returned 1 exit status
CMakeFiles/cmTC_7a6d6.dir/build.make:97: recipe for target 'cmTC_7a6d6' failed
make[1]: *** [cmTC_7a6d6] Error 1
make[1]: Leaving directory '/home/mkant/catkin_ws/build/CMakeFiles/CMakeTmp'
Makefile:126: recipe for target 'cmTC_7a6d6/fast' failed
make: *** [cmTC_7a6d6/fast] Error 2

File /home/mkant/catkin_ws/build/CMakeFiles/CMakeTmp/CheckSymbolExists.c:
/* */
#include <pthread.h>

int main(int argc, char** argv)
{
  (void)argv;
#ifndef pthread_create
  return ((int*)(&pthread_create))[argc];
#else
  (void)argc;
  return 0;
#endif
}

Determining if the function pthread_create exists in the pthreads failed with the following output:
Change Dir: /home/mkant/catkin_ws/build/CMakeFiles/CMakeTmp

Run Build Command:"/usr/bin/make" "cmTC_6f520/fast"
/usr/bin/make -f CMakeFiles/cmTC_6f520.dir/build.make CMakeFiles/cmTC_6f520.dir/build
make[1]: Entering directory '/home/mkant/catkin_ws/build/CMakeFiles/CMakeTmp'
Building C object CMakeFiles/cmTC_6f520.dir/CheckFunctionExists.c.o
/usr/bin/cc    -DCHECK_FUNCTION_EXISTS=pthread_create   -o CMakeFiles/cmTC_6f520.dir/CheckFunctionExists.c.o   -c /usr/share/cmake-3.5/Modules/CheckFunctionExists.c
Linking C executable cmTC_6f520
/usr/bin/cmake -E cmake_link_script CMakeFiles/cmTC_6f520.dir/link.txt --verbose=1
/usr/bin/cc   -DCHECK_FUNCTION_EXISTS=pthread_create    CMakeFiles/cmTC_6f520.dir/CheckFunctionExists.c.o  -o cmTC_6f520 -rdynamic -lpthreads 
/usr/bin/ld: cannot find -lpthreads
collect2: error: ld returned 1 exit status
CMakeFiles/cmTC_6f520.dir/build.make:97: recipe for target 'cmTC_6f520' failed
make[1]: *** [cmTC_6f520] Error 1
make[1]: Leaving directory '/home/mkant/catkin_ws/build/CMakeFiles/CMakeTmp'
Makefile:126: recipe for target 'cmTC_6f520/fast' failed
make: *** [cmTC_6f520/fast] Error 2


Determining if the Q_WS_WIN exist failed with the following output:
Change Dir: /home/mkant/catkin_ws/build/CMakeFiles/CMakeTmp

Run Build Command:"/usr/bin/make" "cmTC_e7ee3/fast"
/usr/bin/make -f CMakeFiles/cmTC_e7ee3.dir/build.make CMakeFiles/cmTC_e7ee3.dir/build
make[1]: Entering directory '/home/mkant/catkin_ws/build/CMakeFiles/CMakeTmp'
Building CXX object CMakeFiles/cmTC_e7ee3.dir/CheckSymbolExists.cxx.o
/usr/bin/c++    -I/usr/include/qt4   -o CMakeFiles/cmTC_e7ee3.dir/CheckSymbolExists.cxx.o -c /home/mkant/catkin_ws/build/CMakeFiles/CMakeTmp/CheckSymbolExists.cxx
/home/mkant/catkin_ws/build/CMakeFiles/CMakeTmp/CheckSymbolExists.cxx: In function ‘int main(int, char**)’:
/home/mkant/catkin_ws/build/CMakeFiles/CMakeTmp/CheckSymbolExists.cxx:8:19: error: ‘Q_WS_WIN’ was not declared in this scope
   return ((int*)(&Q_WS_WIN))[argc];
                   ^
CMakeFiles/cmTC_e7ee3.dir/build.make:65: recipe for target 'CMakeFiles/cmTC_e7ee3.dir/CheckSymbolExists.cxx.o' failed
make[1]: *** [CMakeFiles/cmTC_e7ee3.dir/CheckSymbolExists.cxx.o] Error 1
make[1]: Leaving directory '/home/mkant/catkin_ws/build/CMakeFiles/CMakeTmp'
Makefile:126: recipe for target 'cmTC_e7ee3/fast' failed
make: *** [cmTC_e7ee3/fast] Error 2

File /home/mkant/catkin_ws/build/CMakeFiles/CMakeTmp/CheckSymbolExists.cxx:
/* */
#include <QtCore/qglobal.h>

int main(int argc, char** argv)
{
  (void)argv;
#ifndef Q_WS_WIN
  return ((int*)(&Q_WS_WIN))[argc];
#else
  (void)argc;
  return 0;
#endif
}

Determining if the Q_WS_QWS exist failed with the following output:
Change Dir: /home/mkant/catkin_ws/build/CMakeFiles/CMakeTmp

Run Build Command:"/usr/bin/make" "cmTC_f2651/fast"
/usr/bin/make -f CMakeFiles/cmTC_f2651.dir/build.make CMakeFiles/cmTC_f2651.dir/build
make[1]: Entering directory '/home/mkant/catkin_ws/build/CMakeFiles/CMakeTmp'
Building CXX object CMakeFiles/cmTC_f2651.dir/CheckSymbolExists.cxx.o
/usr/bin/c++    -I/usr/include/qt4   -o CMakeFiles/cmTC_f2651.dir/CheckSymbolExists.cxx.o -c /home/mkant/catkin_ws/build/CMakeFiles/CMakeTmp/CheckSymbolExists.cxx
/home/mkant/catkin_ws/build/CMakeFiles/CMakeTmp/CheckSymbolExists.cxx: In function ‘int main(int, char**)’:
/home/mkant/catkin_ws/build/CMakeFiles/CMakeTmp/CheckSymbolExists.cxx:8:19: error: ‘Q_WS_QWS’ was not declared in this scope
   return ((int*)(&Q_WS_QWS))[argc];
                   ^
CMakeFiles/cmTC_f2651.dir/build.make:65: recipe for target 'CMakeFiles/cmTC_f2651.dir/CheckSymbolExists.cxx.o' failed
make[1]: *** [CMakeFiles/cmTC_f2651.dir/CheckSymbolExists.cxx.o] Error 1
make[1]: Leaving directory '/home/mkant/catkin_ws/build/CMakeFiles/CMakeTmp'
Makefile:126: recipe for target 'cmTC_f2651/fast' failed
make: *** [cmTC_f2651/fast] Error 2

File /home/mkant/catkin_ws/build/CMakeFiles/CMakeTmp/CheckSymbolExists.cxx:
/* */
#include <QtCore/qglobal.h>

int main(int argc, char** argv)
{
  (void)argv;
#ifndef Q_WS_QWS
  return ((int*)(&Q_WS_QWS))[argc];
#else
  (void)argc;
  return 0;
#endif
}

Determining if the Q_WS_MAC exist failed with the following output:
Change Dir: /home/mkant/catkin_ws/build/CMakeFiles/CMakeTmp

Run Build Command:"/usr/bin/make" "cmTC_05f18/fast"
/usr/bin/make -f CMakeFiles/cmTC_05f18.dir/build.make CMakeFiles/cmTC_05f18.dir/build
make[1]: Entering directory '/home/mkant/catkin_ws/build/CMakeFiles/CMakeTmp'
Building CXX object CMakeFiles/cmTC_05f18.dir/CheckSymbolExists.cxx.o
/usr/bin/c++    -I/usr/include/qt4   -o CMakeFiles/cmTC_05f18.dir/CheckSymbolExists.cxx.o -c /home/mkant/catkin_ws/build/CMakeFiles/CMakeTmp/CheckSymbolExists.cxx
/home/mkant/catkin_ws/build/CMakeFiles/CMakeTmp/CheckSymbolExists.cxx: In function ‘int main(int, char**)’:
/home/mkant/catkin_ws/build/CMakeFiles/CMakeTmp/CheckSymbolExists.cxx:8:19: error: ‘Q_WS_MAC’ was not declared in this scope
   return ((int*)(&Q_WS_MAC))[argc];
                   ^
CMakeFiles/cmTC_05f18.dir/build.make:65: recipe for target 'CMakeFiles/cmTC_05f18.dir/CheckSymbolExists.cxx.o' failed
make[1]: *** [CMakeFiles/cmTC_05f18.dir/CheckSymbolExists.cxx.o] Error 1
make[1]: Leaving directory '/home/mkant/catkin_ws/build/CMakeFiles/CMakeTmp'
Makefile:126: recipe for target 'cmTC_05f18/fast' failed
make: *** [cmTC_05f18/fast] Error 2

File /home/mkant/catkin_ws/build/CMakeFiles/CMakeTmp/CheckSymbolExists.cxx:
/* */
#include <QtCore/qglobal.h>

int main(int argc, char** argv)
{
  (void)argv;
#ifndef Q_WS_MAC
  return ((int*)(&Q_WS_MAC))[argc];
#else
  (void)argc;
  return 0;
#endif
}

